# JRE version: OpenJDK Runtime Environment (21.0.6) (build 21.0.6+-13391695-b895.109)
# Java VM: OpenJDK 64-Bit Server VM (21.0.6+-13391695-b895.109, mixed mode, tiered, compressed oops, compressed class ptrs, g1 gc, windows-amd64)
GC Precious Log:
 CardTable entry size: 512
 Card Set container configuration: InlinePtr #cards 4 size 8 Array Of Cards #cards 16 size 48 Howl #buckets 8 coarsen threshold 3686 Howl Bitmap #cards 512 size 80 coarsen threshold 460 Card regions per heap region 1 cards per card region 4096
 CPUs: 12 total, 12 available
 Memory: 15741M
 Large Page Support: Disabled
 NUMA Support: Disabled
 Compressed Oops: Enabled (Zero based)
 Heap Region Size: 2M
 Heap Min Capacity: 8M
 Heap Initial Capacity: 246M
 Heap Max Capacity: 3936M
 Pre-touch: Disabled
 Parallel Workers: 10
 Concurrent Workers: 3
 Concurrent Refinement Workers: 10
 Periodic GC: Disabled
Heap:
 garbage-first heap   total 180224K, used 102400K [0x000000070a000000, 0x0000000800000000)
  region size 2048K, 17 young (34816K), 4 survivors (8192K)
 Metaspace       used 76738K, committed 77056K, reserved 1179648K
  class space    used 8499K, committed 8640K, reserved 1048576K
GC Heap History (20 events):
Event: 0.955 GC heap before
{Heap before GC invocations=3 (full 0):
 garbage-first heap   total 34816K, used 31199K [0x000000070a000000, 0x0000000800000000)
  region size 2048K, 15 young (30720K), 3 survivors (6144K)
 Metaspace       used 25708K, committed 25984K, reserved 1114112K
  class space    used 2745K, committed 2880K, reserved 1048576K
}
Event: 0.962 GC heap after
{Heap after GC invocations=4 (full 0):
 garbage-first heap   total 47104K, used 14698K [0x000000070a000000, 0x0000000800000000)
  region size 2048K, 6 young (12288K), 6 survivors (12288K)
 Metaspace       used 25708K, committed 25984K, reserved 1114112K
  class space    used 2745K, committed 2880K, reserved 1048576K
}
Event: 1.116 GC heap before
{Heap before GC invocations=4 (full 0):
 garbage-first heap   total 47104K, used 29034K [0x000000070a000000, 0x0000000800000000)
  region size 2048K, 13 young (26624K), 6 survivors (12288K)
 Metaspace       used 29778K, committed 30016K, reserved 1114112K
  class space    used 3217K, committed 3328K, reserved 1048576K
}
Event: 1.124 GC heap after
{Heap after GC invocations=5 (full 0):
 garbage-first heap   total 47104K, used 16167K [0x000000070a000000, 0x0000000800000000)
  region size 2048K, 1 young (2048K), 1 survivors (2048K)
 Metaspace       used 29778K, committed 30016K, reserved 1114112K
  class space    used 3217K, committed 3328K, reserved 1048576K
}
Event: 1.351 GC heap before
{Heap before GC invocations=5 (full 0):
 garbage-first heap   total 47104K, used 34599K [0x000000070a000000, 0x0000000800000000)
  region size 2048K, 10 young (20480K), 1 survivors (2048K)
 Metaspace       used 34756K, committed 35008K, reserved 1114112K
  class space    used 4194K, committed 4288K, reserved 1048576K
}
Event: 1.354 GC heap after
{Heap after GC invocations=6 (full 0):
 garbage-first heap   total 47104K, used 17125K [0x000000070a000000, 0x0000000800000000)
  region size 2048K, 2 young (4096K), 2 survivors (4096K)
 Metaspace       used 34756K, committed 35008K, reserved 1114112K
  class space    used 4194K, committed 4288K, reserved 1048576K
}
Event: 1.390 GC heap before
{Heap before GC invocations=6 (full 0):
 garbage-first heap   total 47104K, used 21221K [0x000000070a000000, 0x0000000800000000)
  region size 2048K, 5 young (10240K), 2 survivors (4096K)
 Metaspace       used 35745K, committed 35968K, reserved 1114112K
  class space    used 4280K, committed 4352K, reserved 1048576K
}
Event: 1.392 GC heap after
{Heap after GC invocations=7 (full 0):
 garbage-first heap   total 47104K, used 17168K [0x000000070a000000, 0x0000000800000000)
  region size 2048K, 1 young (2048K), 1 survivors (2048K)
 Metaspace       used 35745K, committed 35968K, reserved 1114112K
  class space    used 4280K, committed 4352K, reserved 1048576K
}
Event: 1.628 GC heap before
{Heap before GC invocations=8 (full 0):
 garbage-first heap   total 47104K, used 35600K [0x000000070a000000, 0x0000000800000000)
  region size 2048K, 11 young (22528K), 1 survivors (2048K)
 Metaspace       used 41298K, committed 41536K, reserved 1114112K
  class space    used 4851K, committed 4928K, reserved 1048576K
}
Event: 1.631 GC heap after
{Heap after GC invocations=9 (full 0):
 garbage-first heap   total 149504K, used 18524K [0x000000070a000000, 0x0000000800000000)
  region size 2048K, 2 young (4096K), 2 survivors (4096K)
 Metaspace       used 41298K, committed 41536K, reserved 1114112K
  class space    used 4851K, committed 4928K, reserved 1048576K
}
Event: 2.500 GC heap before
{Heap before GC invocations=9 (full 0):
 garbage-first heap   total 149504K, used 100444K [0x000000070a000000, 0x0000000800000000)
  region size 2048K, 43 young (88064K), 2 survivors (4096K)
 Metaspace       used 54245K, committed 54528K, reserved 1114112K
  class space    used 6318K, committed 6464K, reserved 1048576K
}
Event: 2.515 GC heap after
{Heap after GC invocations=10 (full 0):
 garbage-first heap   total 149504K, used 36211K [0x000000070a000000, 0x0000000800000000)
  region size 2048K, 6 young (12288K), 6 survivors (12288K)
 Metaspace       used 54245K, committed 54528K, reserved 1114112K
  class space    used 6318K, committed 6464K, reserved 1048576K
}
Event: 3.103 GC heap before
{Heap before GC invocations=10 (full 0):
 garbage-first heap   total 149504K, used 73075K [0x000000070a000000, 0x0000000800000000)
  region size 2048K, 25 young (51200K), 6 survivors (12288K)
 Metaspace       used 60034K, committed 60288K, reserved 1114112K
  class space    used 7009K, committed 7104K, reserved 1048576K
}
Event: 3.119 GC heap after
{Heap after GC invocations=11 (full 0):
 garbage-first heap   total 149504K, used 44285K [0x000000070a000000, 0x0000000800000000)
  region size 2048K, 4 young (8192K), 4 survivors (8192K)
 Metaspace       used 60034K, committed 60288K, reserved 1114112K
  class space    used 7009K, committed 7104K, reserved 1048576K
}
Event: 4.062 GC heap before
{Heap before GC invocations=12 (full 0):
 garbage-first heap   total 149504K, used 105725K [0x000000070a000000, 0x0000000800000000)
  region size 2048K, 34 young (69632K), 4 survivors (8192K)
 Metaspace       used 65031K, committed 65344K, reserved 1114112K
  class space    used 7482K, committed 7616K, reserved 1048576K
}
Event: 4.077 GC heap after
{Heap after GC invocations=13 (full 0):
 garbage-first heap   total 149504K, used 56657K [0x000000070a000000, 0x0000000800000000)
  region size 2048K, 5 young (10240K), 5 survivors (10240K)
 Metaspace       used 65031K, committed 65344K, reserved 1114112K
  class space    used 7482K, committed 7616K, reserved 1048576K
}
Event: 4.591 GC heap before
{Heap before GC invocations=13 (full 0):
 garbage-first heap   total 149504K, used 111953K [0x000000070a000000, 0x0000000800000000)
  region size 2048K, 32 young (65536K), 5 survivors (10240K)
 Metaspace       used 69882K, committed 70208K, reserved 1114112K
  class space    used 7936K, committed 8064K, reserved 1048576K
}
Event: 4.611 GC heap after
{Heap after GC invocations=14 (full 0):
 garbage-first heap   total 149504K, used 67173K [0x000000070a000000, 0x0000000800000000)
  region size 2048K, 4 young (8192K), 4 survivors (8192K)
 Metaspace       used 69882K, committed 70208K, reserved 1114112K
  class space    used 7936K, committed 8064K, reserved 1048576K
}
Event: 5.206 GC heap before
{Heap before GC invocations=14 (full 0):
 garbage-first heap   total 149504K, used 120421K [0x000000070a000000, 0x0000000800000000)
  region size 2048K, 30 young (61440K), 4 survivors (8192K)
 Metaspace       used 72782K, committed 73088K, reserved 1114112K
  class space    used 8139K, committed 8256K, reserved 1048576K
}
Event: 5.221 GC heap after
{Heap after GC invocations=15 (full 0):
 garbage-first heap   total 180224K, used 77824K [0x000000070a000000, 0x0000000800000000)
  region size 2048K, 4 young (8192K), 4 survivors (8192K)
 Metaspace       used 72782K, committed 73088K, reserved 1114112K
  class space    used 8139K, committed 8256K, reserved 1048576K
}

